<?xml version="1.0" encoding="UTF-8"?>
<testng-results ignored="0" total="5" passed="4" failed="1" skipped="0">
  <reporter-output>
  </reporter-output>
  <suite started-at="2024-03-28T14:15:41 IST" name="Default suite" finished-at="2024-03-28T14:16:29 IST" duration-ms="47171">
    <groups>
      <group name="cucumber">
        <method signature="AbstractTestNGCucumberTests.runScenario(io.cucumber.testng.PickleWrapper,io.cucumber.testng.FeatureWrapper)[pri:0, instance:runner.runnerFooter@4a003cbe]" name="runScenario" class="io.cucumber.testng.AbstractTestNGCucumberTests"/>
      </group> <!-- cucumber -->
    </groups>
    <test started-at="2024-03-28T14:15:41 IST" name="Default test" finished-at="2024-03-28T14:16:29 IST" duration-ms="47171">
      <class name="runner.runnerFooter">
        <test-method is-config="true" signature="setUpClass(org.testng.ITestContext)[pri:0, instance:runner.runnerFooter@4a003cbe]" started-at="2024-03-28T14:15:41 IST" name="setUpClass" finished-at="2024-03-28T14:15:42 IST" duration-ms="166" status="PASS">
          <params>
            <param index="0">
              <value>
                <![CDATA[org.testng.TestRunner@38fc5554]]>
              </value>
            </param>
          </params>
          <reporter-output>
          </reporter-output>
        </test-method> <!-- setUpClass -->
        <test-method signature="runScenario(io.cucumber.testng.PickleWrapper,io.cucumber.testng.FeatureWrapper)[pri:0, instance:runner.runnerFooter@4a003cbe]" started-at="2024-03-28T14:15:42 IST" name="runScenario" description="Runs Cucumber Scenarios" data-provider="scenarios" finished-at="2024-03-28T14:15:50 IST" duration-ms="8848" status="PASS">
          <params>
            <param index="0">
              <value>
                <![CDATA["Navigate to terms and conditions in homepage"]]>
              </value>
            </param>
            <param index="1">
              <value>
                <![CDATA["Scroll to footer on homepage"]]>
              </value>
            </param>
          </params>
          <reporter-output>
          </reporter-output>
        </test-method> <!-- runScenario -->
        <test-method signature="runScenario(io.cucumber.testng.PickleWrapper,io.cucumber.testng.FeatureWrapper)[pri:0, instance:runner.runnerFooter@4a003cbe]" started-at="2024-03-28T14:15:50 IST" name="runScenario" description="Runs Cucumber Scenarios" data-provider="scenarios" finished-at="2024-03-28T14:16:00 IST" duration-ms="9344" status="PASS">
          <params>
            <param index="0">
              <value>
                <![CDATA["Navigate to privacy policy in homepage"]]>
              </value>
            </param>
            <param index="1">
              <value>
                <![CDATA["Scroll to footer on homepage"]]>
              </value>
            </param>
          </params>
          <reporter-output>
          </reporter-output>
        </test-method> <!-- runScenario -->
        <test-method signature="runScenario(io.cucumber.testng.PickleWrapper,io.cucumber.testng.FeatureWrapper)[pri:0, instance:runner.runnerFooter@4a003cbe]" started-at="2024-03-28T14:16:00 IST" name="runScenario" description="Runs Cucumber Scenarios" data-provider="scenarios" finished-at="2024-03-28T14:16:08 IST" duration-ms="8478" status="PASS">
          <params>
            <param index="0">
              <value>
                <![CDATA["Navigate to FAQ in homepage"]]>
              </value>
            </param>
            <param index="1">
              <value>
                <![CDATA["Scroll to footer on homepage"]]>
              </value>
            </param>
          </params>
          <reporter-output>
          </reporter-output>
        </test-method> <!-- runScenario -->
        <test-method signature="runScenario(io.cucumber.testng.PickleWrapper,io.cucumber.testng.FeatureWrapper)[pri:0, instance:runner.runnerFooter@4a003cbe]" started-at="2024-03-28T14:16:08 IST" name="runScenario" description="Runs Cucumber Scenarios" data-provider="scenarios" finished-at="2024-03-28T14:16:19 IST" duration-ms="10383" status="PASS">
          <params>
            <param index="0">
              <value>
                <![CDATA["Navigate to blog in homepage"]]>
              </value>
            </param>
            <param index="1">
              <value>
                <![CDATA["Scroll to footer on homepage"]]>
              </value>
            </param>
          </params>
          <reporter-output>
          </reporter-output>
        </test-method> <!-- runScenario -->
        <test-method signature="runScenario(io.cucumber.testng.PickleWrapper,io.cucumber.testng.FeatureWrapper)[pri:0, instance:runner.runnerFooter@4a003cbe]" started-at="2024-03-28T14:16:19 IST" name="runScenario" description="Runs Cucumber Scenarios" data-provider="scenarios" finished-at="2024-03-28T14:16:29 IST" duration-ms="9907" status="FAIL">
          <params>
            <param index="0">
              <value>
                <![CDATA["Navigate to registration in homepage"]]>
              </value>
            </param>
            <param index="1">
              <value>
                <![CDATA["Scroll to footer on homepage"]]>
              </value>
            </param>
          </params>
          <exception class="org.openqa.selenium.JavascriptException">
            <message>
              <![CDATA[javascript error: {"status":32,"value":"Unable to locate an element with the xpath expression div#signinElement>div>div>form>div>div>input because of the following error:\nSyntaxError: Failed to execute 'evaluate' on 'Document': The string 'div#signinElement>div>div>form>div>div>input' is not a valid XPath expression."}
  (Session info: chrome=123.0.6312.59)
Build info: version: '4.18.1', revision: 'b1d3319b48'
System info: os.name: 'Windows 11', os.arch: 'amd64', os.version: '10.0', java.version: '17.0.9'
Driver info: org.openqa.selenium.chrome.ChromeDriver
Command: [122a5857e5af049123e1e9544c638bc7, findElement {value=div#signinElement>div>div>form>div>div>input, using=xpath}]
Capabilities {acceptInsecureCerts: false, browserName: chrome, browserVersion: 123.0.6312.59, chrome: {chromedriverVersion: 123.0.6312.86 (9b72c47a0536..., userDataDir: C:\Windows\SystemTemp\scope...}, fedcm:accounts: true, goog:chromeOptions: {debuggerAddress: localhost:64074}, networkConnectionEnabled: false, pageLoadStrategy: normal, platformName: windows, proxy: Proxy(), se:cdp: ws://localhost:64074/devtoo..., se:cdpVersion: 123.0.6312.59, setWindowRect: true, strictFileInteractability: false, timeouts: {implicit: 0, pageLoad: 300000, script: 30000}, unhandledPromptBehavior: dismiss and notify, webauthn:extension:credBlob: true, webauthn:extension:largeBlob: true, webauthn:extension:minPinLength: true, webauthn:extension:prf: true, webauthn:virtualAuthenticators: true}
Session ID: 122a5857e5af049123e1e9544c638bc7]]>
            </message>
            <full-stacktrace>
              <![CDATA[org.openqa.selenium.JavascriptException: javascript error: {"status":32,"value":"Unable to locate an element with the xpath expression div#signinElement>div>div>form>div>div>input because of the following error:\nSyntaxError: Failed to execute 'evaluate' on 'Document': The string 'div#signinElement>div>div>form>div>div>input' is not a valid XPath expression."}
  (Session info: chrome=123.0.6312.59)
Build info: version: '4.18.1', revision: 'b1d3319b48'
System info: os.name: 'Windows 11', os.arch: 'amd64', os.version: '10.0', java.version: '17.0.9'
Driver info: org.openqa.selenium.chrome.ChromeDriver
Command: [122a5857e5af049123e1e9544c638bc7, findElement {value=div#signinElement>div>div>form>div>div>input, using=xpath}]
Capabilities {acceptInsecureCerts: false, browserName: chrome, browserVersion: 123.0.6312.59, chrome: {chromedriverVersion: 123.0.6312.86 (9b72c47a0536..., userDataDir: C:\Windows\SystemTemp\scope...}, fedcm:accounts: true, goog:chromeOptions: {debuggerAddress: localhost:64074}, networkConnectionEnabled: false, pageLoadStrategy: normal, platformName: windows, proxy: Proxy(), se:cdp: ws://localhost:64074/devtoo..., se:cdpVersion: 123.0.6312.59, setWindowRect: true, strictFileInteractability: false, timeouts: {implicit: 0, pageLoad: 300000, script: 30000}, unhandledPromptBehavior: dismiss and notify, webauthn:extension:credBlob: true, webauthn:extension:largeBlob: true, webauthn:extension:minPinLength: true, webauthn:extension:prf: true, webauthn:virtualAuthenticators: true}
Session ID: 122a5857e5af049123e1e9544c638bc7
at java.base/jdk.internal.reflect.NativeConstructorAccessorImpl.newInstance0(Native Method)
at java.base/jdk.internal.reflect.NativeConstructorAccessorImpl.newInstance(NativeConstructorAccessorImpl.java:77)
at java.base/jdk.internal.reflect.DelegatingConstructorAccessorImpl.newInstance(DelegatingConstructorAccessorImpl.java:45)
at java.base/java.lang.reflect.Constructor.newInstanceWithCaller(Constructor.java:499)
at java.base/java.lang.reflect.Constructor.newInstance(Constructor.java:480)
at org.openqa.selenium.remote.ErrorCodec.decode(ErrorCodec.java:167)
at org.openqa.selenium.remote.codec.w3c.W3CHttpResponseCodec.decode(W3CHttpResponseCodec.java:138)
at org.openqa.selenium.remote.codec.w3c.W3CHttpResponseCodec.decode(W3CHttpResponseCodec.java:50)
at org.openqa.selenium.remote.HttpCommandExecutor.execute(HttpCommandExecutor.java:190)
at org.openqa.selenium.remote.service.DriverCommandExecutor.invokeExecute(DriverCommandExecutor.java:216)
at org.openqa.selenium.remote.service.DriverCommandExecutor.execute(DriverCommandExecutor.java:174)
at org.openqa.selenium.remote.RemoteWebDriver.execute(RemoteWebDriver.java:519)
at org.openqa.selenium.remote.ElementLocation$ElementFinder$2.findElement(ElementLocation.java:165)
at org.openqa.selenium.remote.ElementLocation.findElement(ElementLocation.java:59)
at org.openqa.selenium.remote.RemoteWebDriver.findElement(RemoteWebDriver.java:356)
at org.openqa.selenium.remote.RemoteWebDriver.findElement(RemoteWebDriver.java:350)
at stepDefinitions.footer.user_should_enter_valid_phone_number(footer.java:118)
at ✽.user should enter valid phone number(file:///C:/Users/sarramya/eclipse-workspace/RedBus/features/footer.feature:38)
]]>
            </full-stacktrace>
          </exception> <!-- org.openqa.selenium.JavascriptException -->
          <reporter-output>
          </reporter-output>
        </test-method> <!-- runScenario -->
        <test-method is-config="true" signature="tearDownClass()[pri:0, instance:runner.runnerFooter@4a003cbe]" started-at="2024-03-28T14:16:29 IST" name="tearDownClass" finished-at="2024-03-28T14:16:29 IST" duration-ms="3" status="PASS">
          <reporter-output>
          </reporter-output>
        </test-method> <!-- tearDownClass -->
      </class> <!-- runner.runnerFooter -->
    </test> <!-- Default test -->
  </suite> <!-- Default suite -->
</testng-results>
